<?xml version="1.0" encoding="UTF-8"?>
<!-- Generated by org.testng.reporters.JUnitReportReporter -->
<testsuite hostname="DESKTOP-KR7E8UK" failures="0" tests="1" name="Test.SanityTest" time="25.892" errors="0" timestamp="2023-07-27T12:34:51 EDT" skipped="0">
  <testcase classname="Test.SanityTest" name="DemoGuru99" time="25.892"/>
  <system-out/>
</testsuite> <!-- Test.SanityTest -->
